<?xml version="1.0" encoding="UTF-8"?>
<testsuite name="models.HeroTest" tests="1" skipped="0" failures="0" errors="0" timestamp="2021-06-07T07:10:07" hostname="moringa-ThinkPad-T450" time="0.002">
  <properties/>
  <testcase name="newHeroInstantiatesCorrectly_true" classname="models.HeroTest" time="0.002"/>
  <system-out><![CDATA[]]></system-out>
  <system-err><![CDATA[]]></system-err>
</testsuite>
